TN:
SF:C:\Users\murugesan.subbiah\angularprojects\my-dream-app\src\polyfills.ts
FNF:0
FNH:0
LF:0
LH:0
BRF:0
BRH:0
end_of_record
TN:
SF:C:\Users\murugesan.subbiah\angularprojects\my-dream-app\src\test.ts
FNF:0
FNH:0
DA:13,1
DA:18,1
DA:20,1
LF:3
LH:3
BRF:0
BRH:0
end_of_record
TN:
SF:C:\Users\murugesan.subbiah\angularprojects\my-dream-app\src\app\api.service.ts
FN:31,(anonymous_0)
FN:33,(anonymous_1)
FN:37,(anonymous_2)
FN:41,(anonymous_3)
FN:45,(anonymous_4)
FN:49,(anonymous_5)
FN:53,(anonymous_6)
FN:57,(anonymous_7)
FNF:8
FNH:0
FNDA:0,(anonymous_0)
FNDA:0,(anonymous_1)
FNDA:0,(anonymous_2)
FNDA:0,(anonymous_3)
FNDA:0,(anonymous_4)
FNDA:0,(anonymous_5)
FNDA:0,(anonymous_6)
FNDA:0,(anonymous_7)
DA:5,1
DA:6,1
DA:8,1
DA:19,1
DA:21,0
DA:23,0
DA:26,0
DA:28,0
DA:31,0
DA:34,0
DA:38,0
DA:42,0
DA:46,0
DA:50,0
DA:54,0
DA:58,0
LF:16
LH:4
BRF:0
BRH:0
end_of_record
TN:
SF:C:\Users\murugesan.subbiah\angularprojects\my-dream-app\src\app\app.component.ts
FN:3,(anonymous_0)
FNF:1
FNH:0
FNDA:0,(anonymous_0)
DA:8,1
DA:9,0
LF:2
LH:1
BRF:0
BRH:0
end_of_record
TN:
SF:C:\Users\murugesan.subbiah\angularprojects\my-dream-app\src\app\addpets\addpets.component.ts
FN:24,(anonymous_0)
FN:33,(anonymous_1)
FN:42,(anonymous_2)
FN:56,(anonymous_3)
FN:62,(anonymous_4)
FN:69,(anonymous_5)
FN:72,(anonymous_6)
FNF:7
FNH:0
FNDA:0,(anonymous_0)
FNDA:0,(anonymous_1)
FNDA:0,(anonymous_2)
FNDA:0,(anonymous_3)
FNDA:0,(anonymous_4)
FNDA:0,(anonymous_5)
FNDA:0,(anonymous_6)
DA:8,1
DA:14,1
DA:16,0
DA:17,0
DA:18,0
DA:19,0
DA:20,0
DA:21,0
DA:24,0
DA:25,0
DA:26,0
DA:27,0
DA:29,0
DA:34,0
DA:43,0
DA:44,0
DA:45,0
DA:47,0
DA:55,0
DA:56,0
DA:57,0
DA:58,0
DA:64,0
DA:65,0
DA:70,0
DA:71,0
DA:72,0
DA:73,0
LF:28
LH:2
BRDA:25,0,0,0
BRDA:25,0,1,0
BRDA:44,1,0,0
BRDA:44,1,1,0
BRF:4
BRH:0
end_of_record
TN:
SF:C:\Users\murugesan.subbiah\angularprojects\my-dream-app\src\app\feature\feature.component.ts
FN:17,(anonymous_0)
FN:19,(anonymous_1)
FN:22,(anonymous_2)
FN:28,(anonymous_3)
FN:39,(anonymous_4)
FNF:5
FNH:0
FNDA:0,(anonymous_0)
FNDA:0,(anonymous_1)
FNDA:0,(anonymous_2)
FNDA:0,(anonymous_3)
FNDA:0,(anonymous_4)
DA:10,1
DA:11,0
DA:12,0
DA:13,0
DA:14,0
DA:17,0
DA:20,0
DA:23,0
DA:29,0
DA:30,0
DA:31,0
DA:33,0
DA:37,0
LF:13
LH:1
BRDA:29,0,0,0
BRDA:29,0,1,0
BRF:2
BRH:0
end_of_record
TN:
SF:C:\Users\murugesan.subbiah\angularprojects\my-dream-app\src\app\footer\footer.component.ts
FN:10,(anonymous_0)
FN:12,(anonymous_1)
FNF:2
FNH:2
FNDA:1,(anonymous_0)
FNDA:1,(anonymous_1)
DA:8,1
LF:1
LH:1
BRF:0
BRH:0
end_of_record
TN:
SF:C:\Users\murugesan.subbiah\angularprojects\my-dream-app\src\app\header\header.component.ts
FN:15,(anonymous_0)
FN:16,(anonymous_1)
FN:17,(anonymous_2)
FN:28,(anonymous_3)
FN:31,(anonymous_4)
FNF:5
FNH:0
FNDA:0,(anonymous_0)
FNDA:0,(anonymous_1)
FNDA:0,(anonymous_2)
FNDA:0,(anonymous_3)
FNDA:0,(anonymous_4)
DA:10,1
DA:11,0
DA:12,0
DA:13,0
DA:15,0
DA:16,0
DA:17,0
DA:20,0
DA:21,0
DA:22,0
DA:23,0
DA:24,0
DA:32,0
DA:33,0
DA:34,0
DA:35,0
DA:36,0
DA:37,0
DA:38,0
DA:39,0
LF:20
LH:1
BRDA:20,0,0,0
BRDA:20,0,1,0
BRF:2
BRH:0
end_of_record
TN:
SF:C:\Users\murugesan.subbiah\angularprojects\my-dream-app\src\app\login\login.component.ts
FN:20,(anonymous_0)
FN:24,(anonymous_1)
FN:31,(anonymous_2)
FN:43,(anonymous_3)
FN:44,(anonymous_4)
FNF:5
FNH:0
FNDA:0,(anonymous_0)
FNDA:0,(anonymous_1)
FNDA:0,(anonymous_2)
FNDA:0,(anonymous_3)
FNDA:0,(anonymous_4)
DA:11,1
DA:13,0
DA:14,0
DA:15,0
DA:16,0
DA:17,0
DA:18,0
DA:19,0
DA:20,0
DA:25,0
DA:32,0
DA:34,0
DA:35,0
DA:39,0
DA:44,0
DA:45,0
DA:46,0
DA:47,0
DA:48,0
DA:49,0
DA:50,0
DA:51,0
DA:52,0
DA:53,0
DA:54,0
DA:56,0
DA:57,0
DA:58,0
LF:28
LH:1
BRDA:34,0,0,0
BRDA:34,0,1,0
BRDA:46,1,0,0
BRDA:46,1,1,0
BRDA:46,2,0,0
BRDA:46,2,1,0
BRF:6
BRH:0
end_of_record
TN:
SF:C:\Users\murugesan.subbiah\angularprojects\my-dream-app\src\app\mylist\mylist.component.ts
FN:15,(anonymous_0)
FN:24,(anonymous_1)
FN:27,(anonymous_2)
FNF:3
FNH:0
FNDA:0,(anonymous_0)
FNDA:0,(anonymous_1)
FNDA:0,(anonymous_2)
DA:11,1
DA:12,0
DA:13,0
DA:15,0
DA:16,0
DA:17,0
DA:18,0
DA:20,0
DA:25,0
DA:28,0
DA:29,0
DA:30,0
LF:12
LH:1
BRDA:16,0,0,0
BRDA:16,0,1,0
BRDA:29,1,0,0
BRDA:29,1,1,0
BRF:4
BRH:0
end_of_record
TN:
SF:C:\Users\murugesan.subbiah\angularprojects\my-dream-app\src\app\mypets\mypets.component.ts
FN:10,(anonymous_0)
FN:12,(anonymous_1)
FNF:2
FNH:2
FNDA:1,(anonymous_0)
FNDA:1,(anonymous_1)
DA:8,1
LF:1
LH:1
BRF:0
BRH:0
end_of_record
TN:
SF:C:\Users\murugesan.subbiah\angularprojects\my-dream-app\src\app\orderlist\orderlist.component.ts
FN:15,(anonymous_0)
FN:24,(anonymous_1)
FN:26,(anonymous_2)
FN:31,(anonymous_3)
FNF:4
FNH:0
FNDA:0,(anonymous_0)
FNDA:0,(anonymous_1)
FNDA:0,(anonymous_2)
FNDA:0,(anonymous_3)
DA:11,1
DA:12,0
DA:13,0
DA:15,0
DA:16,0
DA:17,0
DA:18,0
DA:20,0
DA:25,0
DA:27,0
DA:28,0
DA:29,0
DA:30,0
DA:32,0
DA:34,0
DA:35,0
LF:16
LH:1
BRDA:16,0,0,0
BRDA:16,0,1,0
BRDA:28,1,0,0
BRDA:28,1,1,0
BRDA:34,2,0,0
BRDA:34,2,1,0
BRF:6
BRH:0
end_of_record
TN:
SF:C:\Users\murugesan.subbiah\angularprojects\my-dream-app\src\app\products\products.component.ts
FN:16,(anonymous_0)
FN:18,(anonymous_1)
FNF:2
FNH:2
FNDA:1,(anonymous_0)
FNDA:1,(anonymous_1)
DA:10,1
DA:11,1
DA:12,1
DA:13,1
LF:4
LH:4
BRF:0
BRH:0
end_of_record
TN:
SF:C:\Users\murugesan.subbiah\angularprojects\my-dream-app\src\app\register\register.component.ts
FN:25,(anonymous_0)
FN:27,(anonymous_1)
FN:38,(anonymous_2)
FN:54,(anonymous_3)
FNF:4
FNH:0
FNDA:0,(anonymous_0)
FNDA:0,(anonymous_1)
FNDA:0,(anonymous_2)
FNDA:0,(anonymous_3)
DA:12,1
DA:14,0
DA:16,0
DA:17,0
DA:21,0
DA:22,0
DA:24,0
DA:25,0
DA:28,0
DA:40,0
DA:41,0
DA:42,0
DA:44,0
DA:52,0
DA:56,0
DA:57,0
LF:16
LH:1
BRDA:41,0,0,0
BRDA:41,0,1,0
BRF:2
BRH:0
end_of_record
